Nov 25 11:30:02 symfony [info] My log message!
Nov 25 11:30:02 symfony [notice] My puto log message!
Nov 25 11:44:37 symfony [notice] 19
Nov 25 11:44:37 symfony [notice] Ya tiene un padre y es 1
Nov 25 11:44:38 symfony [notice] Ya tiene un padre y es 1
Nov 25 11:53:21 symfony [notice] 2
Nov 25 11:53:21 symfony [notice] prueba primer if parent
Nov 25 11:53:21 symfony [notice] Ya tiene un padre y es 1
Nov 25 11:53:22 symfony [notice] Ya tiene un padre y es 1
Nov 25 11:57:30 symfony [notice] ---- El padre sera 22
Nov 25 11:57:30 symfony [notice] prueba primer if parent
Nov 25 11:57:30 symfony [notice] Ya tiene un padre y es 1
Nov 25 11:57:31 symfony [notice] Ya tiene un padre y es 1
Nov 25 12:01:06 symfony [notice] Ya tiene un padre y es 1
Nov 25 12:01:26 symfony [notice] Ya tiene un padre y es 1
Nov 25 12:01:26 symfony [notice] ---- El padre sera 22
Nov 25 12:01:26 symfony [notice] 22
Nov 25 12:01:26 symfony [notice] Ya tiene un padre y es 1
Nov 25 12:03:40 symfony [notice] ---- El padre sera 21
Nov 25 12:03:40 symfony [notice] 21
Nov 25 12:03:40 symfony [notice] ahora el padre es1
Nov 25 12:03:40 symfony [notice] Ya tiene un padre y es 1
Nov 25 12:03:40 symfony [notice] Ya tiene un padre y es 1
Nov 25 12:08:40 symfony [notice] ---- El padre sera 41
Nov 25 12:08:40 symfony [notice] prueba primer if parent41
Nov 25 12:08:40 symfony [notice] /@ findOneById 41@/ 
Nov 25 12:08:40 symfony [notice] /+ Despues de busqueda padre es1
Nov 25 12:08:40 symfony [notice] ahora el padre es1
Nov 25 12:08:41 symfony [notice] Ya tiene un padre y es 1
Nov 25 12:08:41 symfony [notice] Ya tiene un padre y es 1
Nov 25 12:13:14 symfony [notice] ---- El padre sera 21
Nov 25 12:13:14 symfony [notice] prueba primer if parent21
Nov 25 12:13:14 symfony [notice] /@ findOneById 21@/ 
Nov 25 12:13:14 symfony [notice] /+ Despues de busqueda padre es21
Nov 25 12:13:14 symfony [notice] ahora el padre es21
Nov 25 12:13:14 symfony [notice] Ya tiene un padre y es 21
Nov 25 12:13:15 symfony [notice] Ya tiene un padre y es 21
Nov 25 12:13:15 symfony [info] Ya tiene un padre y es 21
Nov 25 12:13:15 symfony [err] Ya tiene un padre y es 21
Nov 25 19:15:39 symfony [notice] (<tr>
  <th><label for="tarea_nombreTarea">NombreTarea</label></th>
  <td><input type="text" name="tarea[nombreTarea]" id="tarea_nombreTarea" /></td>
</tr>
<tr>
  <th><label for="tarea_fechaInicio">FechaInicio</label></th>
  <td><input type="text" name="tarea[fechaInicio]" size="10" maxlength="10" id="tarea_fechaInicio" /><script type="text/javascript">
$('#tarea_fechaInicio').datepicker({ dateFormat:'yy-mm-dd', showOn:'button', constrainInput:false, buttonImage: "/images/calendar_view_month.png", buttonImageOnly: true });
$('#tarea_fechaInicio').change(function() {
	var dt = Date.parse($(this).val());
	$(this).val((dt != null) ? dt.toString('yyyy-MM-dd') : '');
});
</script></td>
</tr>
<tr>
  <th><label for="tarea_fechaFinal">FechaFinal</label></th>
  <td><input type="text" name="tarea[fechaFinal]" size="10" maxlength="10" id="tarea_fechaFinal" /><script type="text/javascript">
$('#tarea_fechaFinal').datepicker({ dateFormat:'yy-mm-dd', showOn:'button', constrainInput:false, buttonImage: "/images/calendar_view_month.png", buttonImageOnly: true });
$('#tarea_fechaFinal').change(function() {
	var dt = Date.parse($(this).val());
	$(this).val((dt != null) ? dt.toString('yyyy-MM-dd') : '');
});
</script></td>
</tr>
<tr>
  <th><label for="tarea_statusFK">StatusFK</label></th>
  <td><select name="tarea[statusFK]" id="tarea_statusFK">
<option value="1">pendiente</option>
<option value="2">en proceso</option>
<option value="3">asignado</option>
<option value="4">detenido</option>
<option value="5">terminado</option>
<option value="6">en riesgo</option>
</select></td>
</tr>
<tr>
  <th><label for="tarea_prioridadFK">PrioridadFK</label></th>
  <td><select name="tarea[prioridadFK]" id="tarea_prioridadFK">
<option value="1">alta</option>
<option value="2">media</option>
<option value="3">baja</option>
</select></td>
</tr>
<tr>
  <th><label for="tarea_tar_fecha_creacion">Tar fecha creacion</label></th>
  <td><select name="tarea[tar_fecha_creacion][month]" id="tarea_tar_fecha_creacion_month">
<option value="" selected="selected"></option>
<option value="1">01</option>
<option value="2">02</option>
<option value="3">03</option>
<option value="4">04</option>
<option value="5">05</option>
<option value="6">06</option>
<option value="7">07</option>
<option value="8">08</option>
<option value="9">09</option>
<option value="10">10</option>
<option value="11">11</option>
<option value="12">12</option>
</select>/<select name="tarea[tar_fecha_creacion][day]" id="tarea_tar_fecha_creacion_day">
<option value="" selected="selected"></option>
<option value="1">01</option>
<option value="2">02</option>
<option value="3">03</option>
<option value="4">04</option>
<option value="5">05</option>
<option value="6">06</option>
<option value="7">07</option>
<option value="8">08</option>
<option value="9">09</option>
<option value="10">10</option>
<option value="11">11</option>
<option value="12">12</option>
<option value="13">13</option>
<option value="14">14</option>
<option value="15">15</option>
<option value="16">16</option>
<option value="17">17</option>
<option value="18">18</option>
<option value="19">19</option>
<option value="20">20</option>
<option value="21">21</option>
<option value="22">22</option>
<option value="23">23</option>
<option value="24">24</option>
<option value="25">25</option>
<option value="26">26</option>
<option value="27">27</option>
<option value="28">28</option>
<option value="29">29</option>
<option value="30">30</option>
<option value="31">31</option>
</select>/<select name="tarea[tar_fecha_creacion][year]" id="tarea_tar_fecha_creacion_year">
<option value="" selected="selected"></option>
<option value="2007">2007</option>
<option value="2008">2008</option>
<option value="2009">2009</option>
<option value="2010">2010</option>
<option value="2011">2011</option>
<option value="2012">2012</option>
<option value="2013">2013</option>
<option value="2014">2014</option>
<option value="2015">2015</option>
<option value="2016">2016</option>
<option value="2017">2017</option>
</select> <select name="tarea[tar_fecha_creacion][hour]" id="tarea_tar_fecha_creacion_hour">
<option value="" selected="selected"></option>
<option value="0">00</option>
<option value="1">01</option>
<option value="2">02</option>
<option value="3">03</option>
<option value="4">04</option>
<option value="5">05</option>
<option value="6">06</option>
<option value="7">07</option>
<option value="8">08</option>
<option value="9">09</option>
<option value="10">10</option>
<option value="11">11</option>
<option value="12">12</option>
<option value="13">13</option>
<option value="14">14</option>
<option value="15">15</option>
<option value="16">16</option>
<option value="17">17</option>
<option value="18">18</option>
<option value="19">19</option>
<option value="20">20</option>
<option value="21">21</option>
<option value="22">22</option>
<option value="23">23</option>
</select>:<select name="tarea[tar_fecha_creacion][minute]" id="tarea_tar_fecha_creacion_minute">
<option value="" selected="selected"></option>
<option value="0">00</option>
<option value="1">01</option>
<option value="2">02</option>
<option value="3">03</option>
<option value="4">04</option>
<option value="5">05</option>
<option value="6">06</option>
<option value="7">07</option>
<option value="8">08</option>
<option value="9">09</option>
<option value="10">10</option>
<option value="11">11</option>
<option value="12">12</option>
<option value="13">13</option>
<option value="14">14</option>
<option value="15">15</option>
<option value="16">16</option>
<option value="17">17</option>
<option value="18">18</option>
<option value="19">19</option>
<option value="20">20</option>
<option value="21">21</option>
<option value="22">22</option>
<option value="23">23</option>
<option value="24">24</option>
<option value="25">25</option>
<option value="26">26</option>
<option value="27">27</option>
<option value="28">28</option>
<option value="29">29</option>
<option value="30">30</option>
<option value="31">31</option>
<option value="32">32</option>
<option value="33">33</option>
<option value="34">34</option>
<option value="35">35</option>
<option value="36">36</option>
<option value="37">37</option>
<option value="38">38</option>
<option value="39">39</option>
<option value="40">40</option>
<option value="41">41</option>
<option value="42">42</option>
<option value="43">43</option>
<option value="44">44</option>
<option value="45">45</option>
<option value="46">46</option>
<option value="47">47</option>
<option value="48">48</option>
<option value="49">49</option>
<option value="50">50</option>
<option value="51">51</option>
<option value="52">52</option>
<option value="53">53</option>
<option value="54">54</option>
<option value="55">55</option>
<option value="56">56</option>
<option value="57">57</option>
<option value="58">58</option>
<option value="59">59</option>
</select></td>
</tr>
<tr>
  <th><label for="tarea_tar_fecha_actulizacion">Tar fecha actulizacion</label></th>
  <td><select name="tarea[tar_fecha_actulizacion][month]" id="tarea_tar_fecha_actulizacion_month">
<option value="" selected="selected"></option>
<option value="1">01</option>
<option value="2">02</option>
<option value="3">03</option>
<option value="4">04</option>
<option value="5">05</option>
<option value="6">06</option>
<option value="7">07</option>
<option value="8">08</option>
<option value="9">09</option>
<option value="10">10</option>
<option value="11">11</option>
<option value="12">12</option>
</select>/<select name="tarea[tar_fecha_actulizacion][day]" id="tarea_tar_fecha_actulizacion_day">
<option value="" selected="selected"></option>
<option value="1">01</option>
<option value="2">02</option>
<option value="3">03</option>
<option value="4">04</option>
<option value="5">05</option>
<option value="6">06</option>
<option value="7">07</option>
<option value="8">08</option>
<option value="9">09</option>
<option value="10">10</option>
<option value="11">11</option>
<option value="12">12</option>
<option value="13">13</option>
<option value="14">14</option>
<option value="15">15</option>
<option value="16">16</option>
<option value="17">17</option>
<option value="18">18</option>
<option value="19">19</option>
<option value="20">20</option>
<option value="21">21</option>
<option value="22">22</option>
<option value="23">23</option>
<option value="24">24</option>
<option value="25">25</option>
<option value="26">26</option>
<option value="27">27</option>
<option value="28">28</option>
<option value="29">29</option>
<option value="30">30</option>
<option value="31">31</option>
</select>/<select name="tarea[tar_fecha_actulizacion][year]" id="tarea_tar_fecha_actulizacion_year">
<option value="" selected="selected"></option>
<option value="2007">2007</option>
<option value="2008">2008</option>
<option value="2009">2009</option>
<option value="2010">2010</option>
<option value="2011">2011</option>
<option value="2012">2012</option>
<option value="2013">2013</option>
<option value="2014">2014</option>
<option value="2015">2015</option>
<option value="2016">2016</option>
<option value="2017">2017</option>
</select> <select name="tarea[tar_fecha_actulizacion][hour]" id="tarea_tar_fecha_actulizacion_hour">
<option value="" selected="selected"></option>
<option value="0">00</option>
<option value="1">01</option>
<option value="2">02</option>
<option value="3">03</option>
<option value="4">04</option>
<option value="5">05</option>
<option value="6">06</option>
<option value="7">07</option>
<option value="8">08</option>
<option value="9">09</option>
<option value="10">10</option>
<option value="11">11</option>
<option value="12">12</option>
<option value="13">13</option>
<option value="14">14</option>
<option value="15">15</option>
<option value="16">16</option>
<option value="17">17</option>
<option value="18">18</option>
<option value="19">19</option>
<option value="20">20</option>
<option value="21">21</option>
<option value="22">22</option>
<option value="23">23</option>
</select>:<select name="tarea[tar_fecha_actulizacion][minute]" id="tarea_tar_fecha_actulizacion_minute">
<option value="" selected="selected"></option>
<option value="0">00</option>
<option value="1">01</option>
<option value="2">02</option>
<option value="3">03</option>
<option value="4">04</option>
<option value="5">05</option>
<option value="6">06</option>
<option value="7">07</option>
<option value="8">08</option>
<option value="9">09</option>
<option value="10">10</option>
<option value="11">11</option>
<option value="12">12</option>
<option value="13">13</option>
<option value="14">14</option>
<option value="15">15</option>
<option value="16">16</option>
<option value="17">17</option>
<option value="18">18</option>
<option value="19">19</option>
<option value="20">20</option>
<option value="21">21</option>
<option value="22">22</option>
<option value="23">23</option>
<option value="24">24</option>
<option value="25">25</option>
<option value="26">26</option>
<option value="27">27</option>
<option value="28">28</option>
<option value="29">29</option>
<option value="30">30</option>
<option value="31">31</option>
<option value="32">32</option>
<option value="33">33</option>
<option value="34">34</option>
<option value="35">35</option>
<option value="36">36</option>
<option value="37">37</option>
<option value="38">38</option>
<option value="39">39</option>
<option value="40">40</option>
<option value="41">41</option>
<option value="42">42</option>
<option value="43">43</option>
<option value="44">44</option>
<option value="45">45</option>
<option value="46">46</option>
<option value="47">47</option>
<option value="48">48</option>
<option value="49">49</option>
<option value="50">50</option>
<option value="51">51</option>
<option value="52">52</option>
<option value="53">53</option>
<option value="54">54</option>
<option value="55">55</option>
<option value="56">56</option>
<option value="57">57</option>
<option value="58">58</option>
<option value="59">59</option>
</select></td>
</tr>
<tr>
  <th><label for="tarea_root_id">Root</label></th>
  <td><input type="text" name="tarea[root_id]" id="tarea_root_id" /></td>
</tr>
<tr>
  <th><label for="tarea_lft">Lft</label></th>
  <td><input type="text" name="tarea[lft]" id="tarea_lft" /></td>
</tr>
<tr>
  <th><label for="tarea_rgt">Rgt</label></th>
  <td><input type="text" name="tarea[rgt]" id="tarea_rgt" /></td>
</tr>
<tr>
  <th><label for="tarea_level">Level</label></th>
  <td><input type="text" name="tarea[level]" id="tarea_level" /></td>
</tr>
<tr>
  <th><label for="tarea_usuario_list">Usuario list</label></th>
  <td><select name="tarea[usuario_list][]" multiple="multiple" id="tarea_usuario_list">
<option value="1">consultor1</option>
<option value="2">consultor2</option>
<option value="3">consultor3</option>
<option value="4">consultor4</option>
<option value="6">ejecutor1</option>
<option value="7">ejecutor2</option>
<option value="8">ejecutor3</option>
<option value="9">ejecutor4</option>
<option value="10">gerente1</option>
<option value="11">gerente2</option>
<option value="12">gerente3</option>
<option value="13">gerente4</option>
<option value="14">Admin</option>
</select></td>
</tr>
<tr>
  <th><label for="tarea_parent">Parent</label></th>
  <td><input type="text" name="tarea[parent]" value="1" id="tarea_parent" /><input type="hidden" name="tarea[idTarea]" id="tarea_idTarea" />
<input type="hidden" name="tarea[proyectoFK]" id="tarea_proyectoFK" /></td>
</tr>
)Ya tiene un padre y es 1
Nov 25 20:34:56 symfony [notice] Padre por defecto
Nov 25 20:34:57 symfony [notice] Padre por defecto
Nov 25 21:00:23 symfony [notice] Padre por defecto
Nov 25 21:00:24 symfony [notice] Padre por defecto
Nov 25 21:07:41 symfony [notice] Padre por defecto
Nov 25 21:07:45 symfony [notice] Padre por defecto
Nov 25 21:20:00 symfony [notice] Padre por defecto
Nov 25 21:22:32 symfony [notice] Padre por defecto
Nov 25 21:38:06 symfony [notice] Padre por defecto1
Nov 25 21:49:19 symfony [notice] buscadno eventos de proeycto 1
Nov 25 21:49:29 symfony [notice] buscadno eventos de proeycto 1
Nov 25 21:51:57 symfony [notice] buscadno eventos de proeycto 1
Nov 25 21:52:15 symfony [notice] buscadno eventos de proeycto 1
Nov 25 21:52:51 symfony [notice] buscadno eventos de proeycto 1
Nov 25 21:54:20 symfony [notice] buscadno eventos de proyecto 1
Nov 25 21:54:23 symfony [notice] buscadno eventos de proyecto 1
Nov 25 21:54:25 symfony [notice] buscadno eventos de proyecto 1
Nov 25 21:56:42 symfony [notice] buscadno eventos de proyecto 1
Nov 25 21:57:03 symfony [notice] buscadno eventos de proyecto 1
Nov 25 21:57:35 symfony [notice] buscadno eventos de proyecto 1
Nov 25 22:00:49 symfony [notice] buscadno eventos de proyecto 1
Nov 25 22:01:51 symfony [notice] buscadno eventos de proyecto 1
Nov 25 22:02:17 symfony [notice] buscadno eventos de proyecto 1
Nov 25 22:02:58 symfony [notice] buscadno eventos de proyecto 1
Nov 25 22:03:05 symfony [notice] buscadno eventos de proyecto 1
Nov 25 22:06:00 symfony [notice] buscadno eventos de proyecto 1
Nov 25 22:17:07 symfony [notice] buscadno eventos de proyecto 1
Nov 25 22:17:24 symfony [notice] buscadno eventos de proyecto 1
Nov 25 22:17:37 symfony [notice] buscadno eventos de proyecto 1
Nov 25 22:17:39 symfony [notice] buscadno eventos de proyecto 1
Nov 25 22:20:11 symfony [notice] buscadno eventos de proyecto 1
Nov 25 22:20:53 symfony [notice] buscadno eventos de proyecto 1
Nov 25 22:21:26 symfony [notice] buscadno eventos de proyecto 1
Nov 25 22:22:05 symfony [notice] buscadno eventos de proyecto 1
Nov 25 22:22:42 symfony [notice] buscadno eventos de proyecto 1
Nov 25 22:23:49 symfony [notice] inicio es  1361682000
Nov 25 22:23:49 symfony [notice] buscadno eventos de proyecto 1
Nov 25 22:24:45 symfony [notice] inicio es  1364706000
Nov 25 22:24:45 symfony [notice] buscadno eventos de proyecto 1
Nov 25 22:25:05 symfony [notice] inicio es  1367125200
Nov 25 22:25:05 symfony [notice] buscadno eventos de proyecto 1
Nov 25 22:26:10 symfony [notice] inicio es  
Nov 25 22:26:10 symfony [notice] buscadno eventos de proyecto 1
Nov 25 22:26:35 symfony [notice] inicio es  
Nov 25 22:26:35 symfony [notice] buscadno eventos de proyecto 1
Nov 25 22:26:35 symfony [notice] inicio en rago es  31-12-1969
Nov 25 22:33:49 symfony [notice] inicio es  
Nov 25 22:33:49 symfony [notice] buscadno eventos de proyecto 1
Nov 25 22:33:49 symfony [notice] inicio en rago es  1969-12-31 19:00:00
Nov 25 22:34:39 symfony [notice] inicio es  
Nov 25 22:34:39 symfony [notice] buscadno eventos de proyecto 1
Nov 25 22:34:39 symfony [notice] inicio en rago es  1969-12-31 19:00:00
Nov 25 22:35:35 symfony [notice] inicio es  
Nov 25 22:35:35 symfony [notice] buscadno eventos de proyecto 1
Nov 25 22:35:35 symfony [notice] inicio en rago es  1969-12-31 19:00:00
Nov 25 22:35:44 symfony [notice] inicio es  1351400400
Nov 25 22:35:44 symfony [notice] buscadno eventos de proyecto 1
Nov 25 22:35:44 symfony [notice] inicio en rago es  2012-10-28 00:00:00
Nov 25 22:35:47 symfony [notice] inicio es  1353819600
Nov 25 22:35:47 symfony [notice] buscadno eventos de proyecto 1
Nov 25 22:35:47 symfony [notice] inicio en rago es  2012-11-25 00:00:00
Nov 25 22:36:00 symfony [notice] inicio es  1351400400
Nov 25 22:36:00 symfony [notice] buscadno eventos de proyecto 1
Nov 25 22:36:00 symfony [notice] inicio en rago es  2012-10-28 00:00:00
Nov 25 22:36:31 symfony [notice] inicio es  1353819600
Nov 25 22:36:31 symfony [notice] buscadno eventos de proyecto 1
Nov 25 22:36:31 symfony [notice] inicio en rago es  2012-11-25 00:00:00
Nov 25 22:37:09 symfony [notice] inicio es  1351400400
Nov 25 22:37:09 symfony [notice] buscadno eventos de proyecto 1
Nov 25 22:37:09 symfony [notice] inicio en rago es  2012-10-28 00:00:00
Nov 25 22:37:18 symfony [notice] inicio es  1353819600
Nov 25 22:37:18 symfony [notice] buscadno eventos de proyecto 1
Nov 25 22:37:18 symfony [notice] inicio en rago es  2012-11-25 00:00:00
Nov 25 22:39:45 symfony [notice] inicio es  1356843600
Nov 25 22:40:24 symfony [notice] inicio es  1351400400
Nov 25 22:40:32 symfony [notice] inicio es  1348981200
Nov 25 22:40:36 symfony [notice] inicio es  1351400400
Nov 25 22:41:18 symfony [notice] inicio es  1348981200
Nov 25 22:41:42 symfony [notice] inicio es  1351400400
Nov 25 22:42:02 symfony [notice] inicio es  1353819600
Nov 25 22:42:02 symfony [notice] inicio en rago es  2012-11-25 00:00:00
Nov 25 22:42:11 symfony [notice] inicio es  1351400400
Nov 25 22:42:11 symfony [notice] inicio en rago es  2012-10-28 00:00:00
Nov 25 22:43:33 symfony [notice] inicio es  1348981200
Nov 25 22:43:33 symfony [notice] inicio en rago es  2012-09-30 00:00:00
Nov 25 22:43:42 symfony [notice] inicio es  1351400400
Nov 25 22:43:42 symfony [notice] inicio en rago es  2012-10-28 00:00:00
Nov 25 22:43:55 symfony [notice] inicio es  1353819600
Nov 25 22:43:55 symfony [notice] inicio en rago es  2012-11-25 00:00:00
Nov 25 22:44:08 symfony [notice] inicio es  
Nov 25 22:44:08 symfony [notice] inicio en rago es  1969-12-31 19:00:00
Nov 25 22:44:17 symfony [notice] inicio es  1351400400
Nov 25 22:44:17 symfony [notice] inicio en rago es  2012-10-28 00:00:00
Nov 25 22:44:34 symfony [notice] inicio es  1353819600
Nov 25 22:44:34 symfony [notice] inicio en rago es  2012-11-25 00:00:00
Nov 26 11:27:24 symfony [notice] inicio es  
Nov 26 19:47:17 symfony [notice] inicio es  
Nov 26 19:47:17 symfony [notice] inicio en rago es  1969-12-31 19:00:00
Nov 26 19:47:20 symfony [notice] inicio es  1351400400
Nov 26 19:47:20 symfony [notice] inicio en rago es  2012-10-28 00:00:00
Nov 26 22:39:56 symfony [notice] inicio es  
Nov 26 22:39:56 symfony [notice] inicio en rago es  1969-12-31 19:00:00
Nov 26 22:42:22 symfony [notice] inicio es  
Nov 26 22:42:22 symfony [notice] inicio en rago es  1969-12-31 19:00:00
Nov 26 22:44:54 symfony [notice] inicio es  
Nov 26 22:44:54 symfony [notice] inicio en rago es  1969-12-31 19:00:00
